<?xml version="1.0" encoding="UTF-8"?>
<testsuite name="VirtualScrollAccessSystem.AppTest" tests="56" skipped="0" failures="0" errors="0" timestamp="2025-01-29T02:32:36" hostname="BASS" time="4.354">
  <properties/>
  <testcase name="test_scroll_content()" classname="VirtualScrollAccessSystem.AppTest" time="0.268"/>
  <testcase name="test_set_scroll_no_free()" classname="VirtualScrollAccessSystem.AppTest" time="0.097"/>
  <testcase name="test_change_user()" classname="VirtualScrollAccessSystem.AppTest" time="0.062"/>
  <testcase name="test_insert_scroll()" classname="VirtualScrollAccessSystem.AppTest" time="0.091"/>
  <testcase name="test_updated_user_scrolls()" classname="VirtualScrollAccessSystem.AppTest" time="0.123"/>
  <testcase name="test_missing_db()" classname="VirtualScrollAccessSystem.AppTest" time="0.117"/>
  <testcase name="test_increment()" classname="VirtualScrollAccessSystem.AppTest" time="0.066"/>
  <testcase name="test_get_scroll_downloads()" classname="VirtualScrollAccessSystem.AppTest" time="0.059"/>
  <testcase name="test_scroll_psw()" classname="VirtualScrollAccessSystem.AppTest" time="0.07"/>
  <testcase name="test_increment_no_user()" classname="VirtualScrollAccessSystem.AppTest" time="0.076"/>
  <testcase name="test_get_user_downloads()" classname="VirtualScrollAccessSystem.AppTest" time="0.073"/>
  <testcase name="test_scroll_content_update_wrong_scroll()" classname="VirtualScrollAccessSystem.AppTest" time="0.083"/>
  <testcase name="test_delete_user()" classname="VirtualScrollAccessSystem.AppTest" time="0.07"/>
  <testcase name="test_scroll_content_as_bytes()" classname="VirtualScrollAccessSystem.AppTest" time="0.084"/>
  <testcase name="test_connect_wrong_db_path()" classname="VirtualScrollAccessSystem.AppTest" time="0.062"/>
  <testcase name="test_get_user_upload()" classname="VirtualScrollAccessSystem.AppTest" time="0.067"/>
  <testcase name="test_insert_scroll_missing_file()" classname="VirtualScrollAccessSystem.AppTest" time="0.076"/>
  <testcase name="test_del_scroll()" classname="VirtualScrollAccessSystem.AppTest" time="0.072"/>
  <testcase name="test_scroll_insert_day()" classname="VirtualScrollAccessSystem.AppTest" time="0.093"/>
  <testcase name="test_get_scroll_uploads()" classname="VirtualScrollAccessSystem.AppTest" time="0.057"/>
  <testcase name="test_scroll_psw_missing()" classname="VirtualScrollAccessSystem.AppTest" time="0.054"/>
  <testcase name="test_connect()" classname="VirtualScrollAccessSystem.AppTest" time="0.054"/>
  <testcase name="test_update_user()" classname="VirtualScrollAccessSystem.AppTest" time="0.078"/>
  <testcase name="test_all_usernames()" classname="VirtualScrollAccessSystem.AppTest" time="0.056"/>
  <testcase name="test_date_converter()" classname="VirtualScrollAccessSystem.AppTest" time="0.053"/>
  <testcase name="test_new_user_insert_scrolls()" classname="VirtualScrollAccessSystem.AppTest" time="0.098"/>
  <testcase name="test_scroll_filter_title()" classname="VirtualScrollAccessSystem.AppTest" time="0.076"/>
  <testcase name="test_scroll_filter_creator_cases()" classname="VirtualScrollAccessSystem.AppTest" time="0.062"/>
  <testcase name="test_insert_user()" classname="VirtualScrollAccessSystem.AppTest" time="0.07"/>
  <testcase name="test_get_user_id()" classname="VirtualScrollAccessSystem.AppTest" time="0.065"/>
  <testcase name="test_scroll_filter_creator()" classname="VirtualScrollAccessSystem.AppTest" time="0.063"/>
  <testcase name="test_scroll_psw_wrong()" classname="VirtualScrollAccessSystem.AppTest" time="0.063"/>
  <testcase name="test_updated_user_login()" classname="VirtualScrollAccessSystem.AppTest" time="0.078"/>
  <testcase name="test_insert_user_exists()" classname="VirtualScrollAccessSystem.AppTest" time="0.073"/>
  <testcase name="test_scroll_filter_date()" classname="VirtualScrollAccessSystem.AppTest" time="0.059"/>
  <testcase name="test_wrong_date_format()" classname="VirtualScrollAccessSystem.AppTest" time="0.061"/>
  <testcase name="test_get_scroll_history()" classname="VirtualScrollAccessSystem.AppTest" time="0.078"/>
  <testcase name="test_change_psw_no_user()" classname="VirtualScrollAccessSystem.AppTest" time="0.061"/>
  <testcase name="test_get_scroll_creator()" classname="VirtualScrollAccessSystem.AppTest" time="0.062"/>
  <testcase name="test_insert_scroll_no_user()" classname="VirtualScrollAccessSystem.AppTest" time="0.068"/>
  <testcase name="test_get_scroll_psw_empty()" classname="VirtualScrollAccessSystem.AppTest" time="0.058"/>
  <testcase name="test_change_psw()" classname="VirtualScrollAccessSystem.AppTest" time="0.074"/>
  <testcase name="test_get_scroll_titles()" classname="VirtualScrollAccessSystem.AppTest" time="0.058"/>
  <testcase name="test_del_insert_scroll()" classname="VirtualScrollAccessSystem.AppTest" time="0.093"/>
  <testcase name="test_get_scroll_psw()" classname="VirtualScrollAccessSystem.AppTest" time="0.06"/>
  <testcase name="test_get_user_details()" classname="VirtualScrollAccessSystem.AppTest" time="0.061"/>
  <testcase name="test_find_scroll()" classname="VirtualScrollAccessSystem.AppTest" time="0.073"/>
  <testcase name="test_creatoreid_missing_scroll()" classname="VirtualScrollAccessSystem.AppTest" time="0.06"/>
  <testcase name="test_update_user_username_exists()" classname="VirtualScrollAccessSystem.AppTest" time="0.065"/>
  <testcase name="test_increment_no_scroll()" classname="VirtualScrollAccessSystem.AppTest" time="0.063"/>
  <testcase name="test_new_user_insert_scrolls_del_history()" classname="VirtualScrollAccessSystem.AppTest" time="0.14"/>
  <testcase name="test_set_random_scroll()" classname="VirtualScrollAccessSystem.AppTest" time="0.071"/>
  <testcase name="test_set_scroll_missing()" classname="VirtualScrollAccessSystem.AppTest" time="0.063"/>
  <testcase name="test_insert_username_exists()" classname="VirtualScrollAccessSystem.AppTest" time="0.096"/>
  <testcase name="test_get_content_missing()" classname="VirtualScrollAccessSystem.AppTest" time="0.061"/>
  <testcase name="test_update_user_missing()" classname="VirtualScrollAccessSystem.AppTest" time="0.13"/>
  <system-out><![CDATA[Connection to SQLite has been established.
Connection to SQLite has been established.
Connection to SQLite has been established.
Connection to SQLite has been established.
Connection to SQLite has been established.
Connection to SQLite has been established.
[SQLITE_ERROR] SQL error or missing database (no such table: user)
[SQLITE_ERROR] SQL error or missing database (no such table: user)
[SQLITE_ERROR] SQL error or missing database (no such table: user)
[SQLITE_ERROR] SQL error or missing database (no such table: user)
SQL Error: [SQLITE_ERROR] SQL error or missing database (no such table: user)
SQL Error: [SQLITE_ERROR] SQL error or missing database (no such table: user)
SQL Error: [SQLITE_ERROR] SQL error or missing database (no such table: user)
SQL Error: [SQLITE_ERROR] SQL error or missing database (no such table: user)
SQL Error: [SQLITE_ERROR] SQL error or missing database (no such table: user)
[SQLITE_ERROR] SQL error or missing database (no such table: user)
[SQLITE_ERROR] SQL error or missing database (no such table: scrolls)
[SQLITE_ERROR] SQL error or missing database (no such table: scrolls)
SQL Error: [SQLITE_ERROR] SQL error or missing database (no such table: scrolls)
SQL Error: [SQLITE_ERROR] SQL error or missing database (no such table: scrollsHistory)
SQL Error: [SQLITE_ERROR] SQL error or missing database (no such table: scrolls)
SQL Error: [SQLITE_ERROR] SQL error or missing database (no such table: scrolls)
SQL Error: [SQLITE_ERROR] SQL error or missing database (no such table: scrolls)
[SQLITE_ERROR] SQL error or missing database (no such table: scrolls)
[SQLITE_ERROR] SQL error or missing database (no such table: scrolls)
SQL Error: [SQLITE_ERROR] SQL error or missing database (no such table: scrolls)
SQL Error: [SQLITE_ERROR] SQL error or missing database (no such table: scrolls)
SQL Error: [SQLITE_ERROR] SQL error or missing database (no such table: scrolls)
SQL Error: [SQLITE_ERROR] SQL error or missing database (no such table: scrollsHistory)
SQL Error: [SQLITE_ERROR] SQL error or missing database (no such table: scrollsHistory)
SQL Error: [SQLITE_ERROR] SQL error or missing database (no such table: scrolls)
SQL Error: [SQLITE_ERROR] SQL error or missing database (no such table: scrollsHistory)
SQL Error: [SQLITE_ERROR] SQL error or missing database (no such table: scrollsHistory)
SQL Error: [SQLITE_ERROR] SQL error or missing database (no such table: scrolls)
Connection to SQLite has been established.
Connection to SQLite has been established.
Connection to SQLite has been established.
Connection to SQLite has been established.
User not found.
Connection to SQLite has been established.
Connection to SQLite has been established.
Connection to SQLite has been established.
Connection to SQLite has been established.
Connection to SQLite has been established.
No suitable driver found for jdbc:invalid_sqlite_url
Connection to SQLite has been established.
Connection to SQLite has been established.
asfasf.txt (The system cannot find the file specified)
Connection to SQLite has been established.
Connection to SQLite has been established.
Connection to SQLite has been established.
Connection to SQLite has been established.
Scroll not found.
Connection to SQLite has been established.
Text 'wrong' could not be parsed at index 0
Connection to SQLite has been established.
Connection to SQLite has been established.
Connection to SQLite has been established.
Connection to SQLite has been established.
Connection to SQLite has been established.
Connection to SQLite has been established.
Connection to SQLite has been established.
Connection to SQLite has been established.
Connection to SQLite has been established.
Connection to SQLite has been established.
Connection to SQLite has been established.
Connection to SQLite has been established.
[SQLITE_CONSTRAINT_PRIMARYKEY] A PRIMARY KEY constraint failed (UNIQUE constraint failed: user.ID)
Connection to SQLite has been established.
Connection to SQLite has been established.
Text 'wrong' could not be parsed at index 0
Connection to SQLite has been established.
Connection to SQLite has been established.
Connection to SQLite has been established.
Connection to SQLite has been established.
User not found.
Connection to SQLite has been established.
Connection to SQLite has been established.
Connection to SQLite has been established.
Connection to SQLite has been established.
Connection to SQLite has been established.
Connection to SQLite has been established.
Connection to SQLite has been established.
Connection to SQLite has been established.
Connection to SQLite has been established.
[SQLITE_CONSTRAINT_UNIQUE] A UNIQUE constraint failed (UNIQUE constraint failed: user.username)
Connection to SQLite has been established.
Scroll not found.
Connection to SQLite has been established.
Connection to SQLite has been established.
Connection to SQLite has been established.
Connection to SQLite has been established.
[SQLITE_CONSTRAINT_UNIQUE] A UNIQUE constraint failed (UNIQUE constraint failed: user.username)
Connection to SQLite has been established.
Connection to SQLite has been established.
]]></system-out>
  <system-err><![CDATA[]]></system-err>
</testsuite>
